2025/02/25 23:33:00 c++自学网课, https://ssemarket.cn/postdetail/1816
2025/02/25 23:33:22 接收到信号: interrupt
2025/02/25 23:33:26 c++自学网课, https://ssemarket.cn/postdetail/1816
2025/02/25 23:34:44 接收到信号: interrupt
2025/02/25 23:34:48 1
2025/02/25 23:34:48 c++自学网课, https://ssemarket.cn/postdetail/1816
2025/02/25 23:36:27 接收到信号: interrupt
2025/02/25 23:36:30 c++自学网课, https://ssemarket.cn/postdetail/1816
2025/02/25 23:38:04 接收到信号: interrupt
2025/02/25 23:38:07 接收到信号: interrupt
2025/02/25 23:38:18 c++自学网课, https://ssemarket.cn/postdetail/1816
2025/02/25 23:38:53 接收到信号: interrupt
2025/02/25 23:38:57 日程安排 init handler
2025/02/25 23:38:57 c++自学网课, https://ssemarket.cn/postdetail/1816
2025/02/25 23:39:45 接收到信号: interrupt
2025/02/25 23:39:58 SSE
2025/02/25 23:40:12 SSE
2025/02/25 23:40:12 日程安排
2025/02/25 23:40:12 SSE
2025/02/25 23:41:33 SSE
2025/02/25 23:41:33 日程安排
2025/02/25 23:41:33 SSE
2025/02/25 23:41:33 日程安排
2025/02/25 23:41:33 22级专选课推荐及其给分咋样, https://ssemarket.cn/postdetail/1817
2025/02/25 23:41:33 新建了一个软工22级就业交流群，大家有兴趣交流可以加入, https://ssemarket.cn/postdetail/1818
2025/02/25 23:41:33 receive message 22级专选课推荐及其给分咋样, https://ssemarket.cn/postdetail/1817
2025/02/25 23:41:33 receive message 新建了一个软工22级就业交流群，大家有兴趣交流可以加入, https://ssemarket.cn/postdetail/1818
2025/02/25 23:41:33 分享一下hexo一键部署脚本, https://ssemarket.cn/postdetail/1819
2025/02/25 23:41:33 send message 22级专选课推荐及其给分咋样, https://ssemarket.cn/postdetail/1817
2025/02/25 23:41:33 send message 新建了一个软工22级就业交流群，大家有兴趣交流可以加入, https://ssemarket.cn/postdetail/1818
2025/02/25 23:41:33 receive message 分享一下hexo一键部署脚本, https://ssemarket.cn/postdetail/1819
2025/02/25 23:41:33 心理测评结果都是这样的吗, https://ssemarket.cn/postdetail/1820
2025/02/25 23:41:34 send message 分享一下hexo一键部署脚本, https://ssemarket.cn/postdetail/1819
2025/02/25 23:41:34 receive message 心理测评结果都是这样的吗, https://ssemarket.cn/postdetail/1820
2025/02/25 23:41:34 描描喵, https://ssemarket.cn/postdetail/1821
2025/02/25 23:41:34 send message 心理测评结果都是这样的吗, https://ssemarket.cn/postdetail/1820
2025/02/25 23:41:34 receive message 描描喵, https://ssemarket.cn/postdetail/1821
2025/02/25 23:41:34 send message 描描喵, https://ssemarket.cn/postdetail/1821
2025/02/25 23:43:35 接收到信号: interrupt
2025/02/25 23:43:46 日程安排 success
2025/02/25 23:44:10 接收到信号: interrupt
2025/02/26 09:07:52 日程安排 success
2025/02/26 09:07:52 天气提醒 success
2025/02/26 09:07:52 {1 OK 10000 1 [{广东省珠海市香洲区 中国 广东省 0756 珠海市 香洲区 [] {[] []} {[] []} 440402 [] [] 113.543372,22.265635 区县}]}
2025/02/26 09:14:15 接收到信号: interrupt
2025/02/26 09:14:27 日程安排 success
2025/02/26 09:14:27 天气提醒 success
2025/02/26 09:14:27 failed to parse response: json: Unmarshal(non-pointer weather.WeatherResponse)
2025/02/26 09:15:10 日程安排 success
2025/02/26 09:15:10 天气提醒 success
2025/02/26 09:15:11 440402
2025/02/26 09:15:11 failed to parse response: json: Unmarshal(non-pointer weather.WeatherResponse)
2025/02/26 09:15:11 {    []}
2025/02/26 09:15:39 接收到信号: interrupt
2025/02/26 09:15:43 日程安排 success
2025/02/26 09:15:43 天气提醒 success
2025/02/26 09:15:43 440402
2025/02/26 09:15:43 {1 1 OK 10000 [{广东 香洲区 440402 雾 15 东北 ≤3 89 2025-02-26 09:00:51 15.0 89.0}]}
2025/02/26 09:16:00 接收到信号: interrupt
2025/02/26 09:16:04 日程安排 success
2025/02/26 09:16:04 天气提醒 success
2025/02/26 09:16:04 440402
2025/02/26 09:16:04 {广东 香洲区 440402 雾 15 东北 ≤3 89 2025-02-26 09:00:51 15.0 89.0}
2025/02/26 10:03:08 接收到信号: interrupt
